Build started 11/26/2015 1:43:38 AM.
     1>Project "C:\Users\0X7C159D\Desktop\Efficient Web Toolkit\EWTK\EWTKServer\FCC\FCC.vcxproj" on node 2 (Build target(s)).
     1>ClCompile:
         C:\Program Files (x86)\Microsoft Visual Studio 12.0\VC\bin\CL.exe /c /Zi /nologo /W3 /WX- /O2 /Oi /Oy- /GL /D WIN32 /D NDEBUG /D _WINDOWS /D _USRDLL /D FCC_EXPORTS /D _WINDLL /D _UNICODE /D UNICODE /Gm- /EHsc /MD /GS /Gy /fp:precise /Zc:wchar_t /Zc:forScope /Yu"stdafx.h" /Fp"Release\FCC.pch" /Fo"Release\\" /Fd"Release\vc120.pdb" /Gd /TP /analyze- /errorReport:prompt FCC.cpp
         FCC.cpp
       Link:
         C:\Program Files (x86)\Microsoft Visual Studio 12.0\VC\bin\link.exe /ERRORREPORT:PROMPT /OUT:"C:\Users\0X7C159D\Desktop\Efficient Web Toolkit\EWTK\EWTKServer\Release\FCC.dll" /INCREMENTAL:NO /NOLOGO kernel32.lib user32.lib gdi32.lib winspool.lib comdlg32.lib advapi32.lib shell32.lib ole32.lib oleaut32.lib uuid.lib odbc32.lib odbccp32.lib /MANIFEST /MANIFESTUAC:"level='asInvoker' uiAccess='false'" /manifest:embed /DEBUG /PDB:"C:\Users\0X7C159D\Desktop\Efficient Web Toolkit\EWTK\EWTKServer\Release\FCC.pdb" /SUBSYSTEM:WINDOWS /OPT:REF /OPT:ICF /LTCG /TLBID:1 /DYNAMICBASE /NXCOMPAT /IMPLIB:"C:\Users\0X7C159D\Desktop\Efficient Web Toolkit\EWTK\EWTKServer\Release\FCC.lib" /MACHINE:X86 /SAFESEH /DLL Release\dllmain.obj
         Release\FCC.obj
         Release\stdafx.obj
            Creating library C:\Users\0X7C159D\Desktop\Efficient Web Toolkit\EWTK\EWTKServer\Release\FCC.lib and object C:\Users\0X7C159D\Desktop\Efficient Web Toolkit\EWTK\EWTKServer\Release\FCC.exp
         Generating code
         Finished generating code
         FCC.vcxproj -> C:\Users\0X7C159D\Desktop\Efficient Web Toolkit\EWTK\EWTKServer\Release\FCC.dll
       PostBuildEvent:
         copy /Y "..\Release\FCC.dll" "..\EWTKServer\bin\FCC.dll"
         :VCEnd
                 1 file(s) copied.
     1>Done Building Project "C:\Users\0X7C159D\Desktop\Efficient Web Toolkit\EWTK\EWTKServer\FCC\FCC.vcxproj" (Build target(s)).

Build succeeded.

Time Elapsed 00:00:00.60
